2015-12-24 06:24:49 INFO  Main:17 - Enter Main
2015-12-24 06:24:52 INFO  Frame:21 - New Frame
2015-12-24 06:24:53 DEBUG ShapeFactory:65 - eg.edu.alexu.csd.oop.game.circutOfPlates.object.Man
2015-12-24 06:24:53 DEBUG ShapeFactory:65 - eg.edu.alexu.csd.oop.game.circutOfPlates.object.Plate
2015-12-24 06:24:53 DEBUG ShapeFactory:65 - eg.edu.alexu.csd.oop.game.circutOfPlates.object.Plate
2015-12-24 06:24:53 DEBUG ShapeFactory:65 - eg.edu.alexu.csd.oop.game.circutOfPlates.object.Plate
2015-12-24 06:24:53 DEBUG ShapeFactory:65 - eg.edu.alexu.csd.oop.game.circutOfPlates.object.Plate
2015-12-24 06:24:53 DEBUG ShapeFactory:65 - eg.edu.alexu.csd.oop.game.circutOfPlates.object.Plate
2015-12-24 06:24:53 DEBUG ShapeFactory:65 - eg.edu.alexu.csd.oop.game.circutOfPlates.object.Plate
2015-12-24 06:24:53 DEBUG ShapeFactory:65 - eg.edu.alexu.csd.oop.game.circutOfPlates.object.Plate
2015-12-24 06:24:53 DEBUG ShapeFactory:65 - eg.edu.alexu.csd.oop.game.circutOfPlates.object.Plate
2015-12-24 06:24:53 DEBUG ShapeFactory:65 - eg.edu.alexu.csd.oop.game.circutOfPlates.object.Plate
2015-12-24 06:24:53 DEBUG ShapeFactory:65 - eg.edu.alexu.csd.oop.game.circutOfPlates.object.Plate
2015-12-24 06:24:53 DEBUG ShapeFactory:65 - eg.edu.alexu.csd.oop.game.circutOfPlates.object.Plate
2015-12-24 06:24:53 DEBUG ShapeFactory:65 - eg.edu.alexu.csd.oop.game.circutOfPlates.object.Plate
2015-12-24 06:24:53 DEBUG ShapeFactory:65 - eg.edu.alexu.csd.oop.game.circutOfPlates.object.Plate
2015-12-24 06:24:53 DEBUG ShapeFactory:65 - eg.edu.alexu.csd.oop.game.circutOfPlates.object.Plate
2015-12-24 06:24:53 DEBUG ShapeFactory:65 - eg.edu.alexu.csd.oop.game.circutOfPlates.object.Plate
2015-12-24 06:24:53 DEBUG ShapeFactory:65 - eg.edu.alexu.csd.oop.game.circutOfPlates.object.Plate
2015-12-24 06:24:53 DEBUG ShapeFactory:65 - eg.edu.alexu.csd.oop.game.circutOfPlates.object.Plate
2015-12-24 06:24:53 DEBUG ShapeFactory:65 - eg.edu.alexu.csd.oop.game.circutOfPlates.object.Plate
2015-12-24 06:24:53 DEBUG ShapeFactory:65 - eg.edu.alexu.csd.oop.game.circutOfPlates.object.Plate
2015-12-24 06:24:53 DEBUG ShapeFactory:65 - eg.edu.alexu.csd.oop.game.circutOfPlates.object.Plate
2015-12-24 06:24:53 DEBUG ShapeFactory:65 - eg.edu.alexu.csd.oop.game.circutOfPlates.object.Plate
2015-12-24 06:24:53 DEBUG ShapeFactory:65 - eg.edu.alexu.csd.oop.game.circutOfPlates.object.Plate
2015-12-24 06:24:53 DEBUG ShapeFactory:65 - eg.edu.alexu.csd.oop.game.circutOfPlates.object.Plate
2015-12-24 06:24:53 DEBUG ShapeFactory:65 - eg.edu.alexu.csd.oop.game.circutOfPlates.object.Plate
2015-12-24 06:24:53 DEBUG ShapeFactory:65 - eg.edu.alexu.csd.oop.game.circutOfPlates.object.Plate
2015-12-24 06:24:53 DEBUG ShapeFactory:65 - eg.edu.alexu.csd.oop.game.circutOfPlates.object.Plate
2015-12-24 06:24:53 DEBUG ShapeFactory:65 - eg.edu.alexu.csd.oop.game.circutOfPlates.object.Plate
2015-12-24 06:24:53 DEBUG ShapeFactory:65 - eg.edu.alexu.csd.oop.game.circutOfPlates.object.Plate
2015-12-24 06:24:53 DEBUG ShapeFactory:65 - eg.edu.alexu.csd.oop.game.circutOfPlates.object.Plate
2015-12-24 06:24:53 DEBUG ShapeFactory:65 - eg.edu.alexu.csd.oop.game.circutOfPlates.object.Plate
2015-12-24 06:24:53 DEBUG ShapeFactory:65 - eg.edu.alexu.csd.oop.game.circutOfPlates.object.Plate
2015-12-24 06:24:53 DEBUG ShapeFactory:65 - eg.edu.alexu.csd.oop.game.circutOfPlates.object.Plate
2015-12-24 06:24:53 DEBUG ShapeFactory:65 - eg.edu.alexu.csd.oop.game.circutOfPlates.object.Plate
2015-12-24 06:24:53 DEBUG ShapeFactory:65 - eg.edu.alexu.csd.oop.game.circutOfPlates.object.Plate
2015-12-24 06:24:53 DEBUG ShapeFactory:65 - eg.edu.alexu.csd.oop.game.circutOfPlates.object.Plate
2015-12-24 06:24:53 DEBUG ShapeFactory:65 - eg.edu.alexu.csd.oop.game.circutOfPlates.object.Plate
2015-12-24 06:24:53 DEBUG ShapeFactory:65 - eg.edu.alexu.csd.oop.game.circutOfPlates.object.Plate
2015-12-24 06:24:53 DEBUG ShapeFactory:65 - eg.edu.alexu.csd.oop.game.circutOfPlates.object.Plate
2015-12-24 06:24:53 DEBUG ShapeFactory:65 - eg.edu.alexu.csd.oop.game.circutOfPlates.object.Plate
2015-12-24 06:24:53 DEBUG ShapeFactory:65 - eg.edu.alexu.csd.oop.game.circutOfPlates.object.Plate
2015-12-24 06:24:53 DEBUG ShapeFactory:65 - eg.edu.alexu.csd.oop.game.circutOfPlates.object.Bar
2015-12-24 06:24:53 DEBUG ShapeFactory:65 - eg.edu.alexu.csd.oop.game.circutOfPlates.object.Bar
2015-12-24 06:24:54 INFO  Space:148 - intersect bar & plate
2015-12-24 06:24:54 INFO  Space:209 - bar intersect, reduce bar life
2015-12-24 06:24:54 INFO  Space:148 - intersect bar & plate
2015-12-24 06:24:54 INFO  Space:209 - bar intersect, reduce bar life
2015-12-24 06:24:56 INFO  Space:148 - intersect bar & plate
2015-12-24 06:24:56 INFO  Space:209 - bar intersect, reduce bar life
2015-12-24 06:24:56 INFO  Space:148 - intersect bar & plate
2015-12-24 06:24:56 INFO  Space:209 - bar intersect, reduce bar life
2015-12-24 06:24:57 INFO  Space:148 - intersect bar & plate
2015-12-24 06:24:57 INFO  Space:209 - bar intersect, reduce bar life
2015-12-24 06:24:58 INFO  Space:148 - intersect bar & plate
2015-12-24 06:24:58 INFO  Space:209 - bar intersect, reduce bar life
2015-12-24 06:24:58 INFO  Space:117 - intersection right
2015-12-24 06:24:58 INFO  Space:117 - intersection right
2015-12-24 06:24:59 INFO  Space:148 - intersect bar & plate
2015-12-24 06:24:59 INFO  Space:209 - bar intersect, reduce bar life
2015-12-24 06:24:59 INFO  Space:148 - intersect bar & plate
2015-12-24 06:24:59 INFO  Space:209 - bar intersect, reduce bar life
2015-12-24 06:24:59 INFO  Space:117 - intersection right
2015-12-24 06:24:59 INFO  Space:148 - intersect bar & plate
2015-12-24 06:24:59 INFO  Space:209 - bar intersect, reduce bar life
2015-12-24 06:25:00 INFO  Space:148 - intersect bar & plate
2015-12-24 06:25:00 INFO  Space:198 - bar dead, reuse bar in another position
2015-12-24 06:25:00 INFO  Space:117 - intersection right
2015-12-24 06:25:01 INFO  Space:219 - reuse the plate in another position
2015-12-24 06:25:01 INFO  Space:129 - intersection left
2015-12-24 06:25:01 INFO  Space:148 - intersect bar & plate
2015-12-24 06:25:01 INFO  Space:209 - bar intersect, reduce bar life
2015-12-24 06:25:01 INFO  Space:219 - reuse the plate in another position
2015-12-24 06:25:02 INFO  Space:148 - intersect bar & plate
2015-12-24 06:25:02 INFO  Space:198 - bar dead, reuse bar in another position
2015-12-24 06:25:02 INFO  Space:148 - intersect bar & plate
2015-12-24 06:25:02 INFO  Space:209 - bar intersect, reduce bar life
2015-12-24 06:25:02 INFO  Space:219 - reuse the plate in another position
2015-12-24 06:25:02 INFO  Space:219 - reuse the plate in another position
2015-12-24 06:25:02 INFO  Space:219 - reuse the plate in another position
2015-12-24 06:25:02 INFO  Space:219 - reuse the plate in another position
2015-12-24 06:25:03 INFO  Space:219 - reuse the plate in another position
2015-12-24 06:25:03 INFO  Space:148 - intersect bar & plate
2015-12-24 06:25:03 INFO  Space:209 - bar intersect, reduce bar life
2015-12-24 06:25:03 INFO  Space:219 - reuse the plate in another position
2015-12-24 06:25:03 INFO  Space:219 - reuse the plate in another position
2015-12-24 06:25:04 INFO  Space:129 - intersection left
2015-12-24 06:25:04 INFO  Space:148 - intersect bar & plate
2015-12-24 06:25:04 INFO  Space:209 - bar intersect, reduce bar life
2015-12-24 06:25:05 INFO  Space:219 - reuse the plate in another position
2015-12-24 06:25:05 INFO  Space:219 - reuse the plate in another position
2015-12-24 06:25:05 INFO  Space:219 - reuse the plate in another position
2015-12-24 06:25:05 INFO  Space:219 - reuse the plate in another position
2015-12-24 06:25:05 INFO  Space:219 - reuse the plate in another position
2015-12-24 06:25:05 INFO  Space:219 - reuse the plate in another position
2015-12-24 06:25:06 INFO  Space:148 - intersect bar & plate
2015-12-24 06:25:06 INFO  Space:209 - bar intersect, reduce bar life
2015-12-24 06:25:06 INFO  Space:148 - intersect bar & plate
2015-12-24 06:25:06 INFO  Space:209 - bar intersect, reduce bar life
2015-12-24 06:25:06 INFO  Space:129 - intersection left
2015-12-24 06:25:06 DEBUG ClassPathEngine:88 - pointer : 0 (Insinde Remove Top 3 Plates)
2015-12-24 06:25:06 INFO  Space:172 - collect 3 increase score :falsetrue=rigth flase=left
2015-12-24 06:25:06 INFO  Space:148 - intersect bar & plate
2015-12-24 06:25:06 INFO  Space:198 - bar dead, reuse bar in another position
2015-12-24 06:25:06 INFO  Space:219 - reuse the plate in another position
2015-12-24 06:25:07 INFO  Space:219 - reuse the plate in another position
2015-12-24 06:25:07 INFO  Space:148 - intersect bar & plate
2015-12-24 06:25:07 INFO  Space:209 - bar intersect, reduce bar life
2015-12-24 06:25:07 INFO  Space:219 - reuse the plate in another position
2015-12-24 06:25:07 INFO  Space:219 - reuse the plate in another position
2015-12-24 06:25:07 INFO  Space:219 - reuse the plate in another position
2015-12-24 06:25:07 INFO  Space:219 - reuse the plate in another position
2015-12-24 06:25:07 INFO  Space:219 - reuse the plate in another position
2015-12-24 06:25:07 INFO  Space:219 - reuse the plate in another position
2015-12-24 06:25:08 INFO  Space:148 - intersect bar & plate
2015-12-24 06:25:08 INFO  Space:209 - bar intersect, reduce bar life
2015-12-24 06:25:08 INFO  Space:219 - reuse the plate in another position
2015-12-24 06:25:08 INFO  Space:148 - intersect bar & plate
2015-12-24 06:25:08 INFO  Space:209 - bar intersect, reduce bar life
2015-12-24 06:25:08 INFO  Space:219 - reuse the plate in another position
2015-12-24 06:25:08 INFO  Space:219 - reuse the plate in another position
2015-12-24 06:25:08 INFO  Space:148 - intersect bar & plate
2015-12-24 06:25:08 INFO  Space:209 - bar intersect, reduce bar life
2015-12-24 06:25:08 INFO  Space:148 - intersect bar & plate
2015-12-24 06:25:08 INFO  Space:209 - bar intersect, reduce bar life
2015-12-24 06:25:08 INFO  Space:219 - reuse the plate in another position
2015-12-24 06:25:09 INFO  Space:148 - intersect bar & plate
2015-12-24 06:25:09 INFO  Space:209 - bar intersect, reduce bar life
2015-12-24 06:25:09 INFO  Space:148 - intersect bar & plate
2015-12-24 06:25:09 INFO  Space:209 - bar intersect, reduce bar life
2015-12-24 06:25:09 INFO  Space:148 - intersect bar & plate
2015-12-24 06:25:09 INFO  Space:209 - bar intersect, reduce bar life
2015-12-24 06:25:10 INFO  Space:219 - reuse the plate in another position
2015-12-24 06:25:10 INFO  Space:219 - reuse the plate in another position
2015-12-24 06:25:10 INFO  Space:148 - intersect bar & plate
2015-12-24 06:25:10 INFO  Space:209 - bar intersect, reduce bar life
2015-12-24 06:25:11 INFO  Space:219 - reuse the plate in another position
2015-12-24 06:25:11 INFO  Space:148 - intersect bar & plate
2015-12-24 06:25:11 INFO  Space:209 - bar intersect, reduce bar life
2015-12-24 06:25:11 INFO  Space:129 - intersection left
2015-12-24 06:25:11 INFO  Space:219 - reuse the plate in another position
2015-12-24 06:25:12 INFO  Space:148 - intersect bar & plate
2015-12-24 06:25:12 INFO  Space:198 - bar dead, reuse bar in another position
2015-12-24 06:25:12 INFO  Space:219 - reuse the plate in another position
2015-12-24 06:25:12 INFO  Space:129 - intersection left
2015-12-24 06:25:12 INFO  Space:148 - intersect bar & plate
2015-12-24 06:25:12 INFO  Space:209 - bar intersect, reduce bar life
2015-12-24 06:25:12 INFO  Space:129 - intersection left
2015-12-24 06:25:13 INFO  Space:148 - intersect bar & plate
2015-12-24 06:25:13 INFO  Space:209 - bar intersect, reduce bar life
2015-12-24 06:25:13 INFO  Space:129 - intersection left
2015-12-24 06:25:14 INFO  Space:148 - intersect bar & plate
2015-12-24 06:25:14 INFO  Space:209 - bar intersect, reduce bar life
2015-12-24 06:25:14 INFO  Space:148 - intersect bar & plate
2015-12-24 06:25:14 INFO  Space:198 - bar dead, reuse bar in another position
2015-12-24 06:25:14 INFO  Space:148 - intersect bar & plate
2015-12-24 06:25:14 INFO  Space:209 - bar intersect, reduce bar life
2015-12-24 06:25:14 INFO  Space:219 - reuse the plate in another position
2015-12-24 06:25:14 INFO  Space:148 - intersect bar & plate
2015-12-24 06:25:14 INFO  Space:209 - bar intersect, reduce bar life
2015-12-24 06:25:15 INFO  Space:148 - intersect bar & plate
2015-12-24 06:25:15 INFO  Space:209 - bar intersect, reduce bar life
2015-12-24 06:25:15 INFO  Space:219 - reuse the plate in another position
2015-12-24 06:25:15 INFO  Space:129 - intersection left
2015-12-24 06:25:16 INFO  Space:148 - intersect bar & plate
2015-12-24 06:25:16 INFO  Space:209 - bar intersect, reduce bar life
2016-02-26 16:47:17 INFO  Main:17 - Enter Main
